<?xml version="1.0" encoding="UTF-8"?>
<!-- Generated by org.testng.reporters.JUnitReportReporter -->
<testsuite skipped="2" hostname="LAPTOP-9VR0TBCF" name="com.SeleniumTest.TC6_uploadphoto" tests="3" failures="0" timestamp="28 Sep 2020 21:46:11 GMT" time="49.365" errors="0">
  <testcase name="TC8B_addOrganBuy" time="49.365" classname="com.SeleniumTest.TC6_uploadphoto"/>
  <testcase name="TC6" classname="com.SeleniumTest.TC6_uploadphoto">
    <skipped/>
  </testcase> <!-- TC6 -->
  <testcase name="TC8A_addOrganization" classname="com.SeleniumTest.TC6_uploadphoto">
    <skipped/>
  </testcase> <!-- TC8A_addOrganization -->
</testsuite> <!-- com.SeleniumTest.TC6_uploadphoto -->
