<?xml version="1.0" encoding="UTF-8"?>
<!-- Generated by org.testng.reporters.JUnitReportReporter -->
<testsuite skipped="0" hostname="LAPTOP-9VR0TBCF" name="com.SeleniumTest.TC3_Dasboard" tests="2" failures="0" timestamp="26 Sep 2020 23:21:31 GMT" time="50.581" errors="0">
  <testcase name="TC3" time="39.717" classname="com.SeleniumTest.TC3_Dasboard"/>
  <testcase name="TC4_logout" time="10.864" classname="com.SeleniumTest.TC3_Dasboard"/>
</testsuite> <!-- com.SeleniumTest.TC3_Dasboard -->
