<?xml version="1.0" encoding="UTF-8"?>
<!-- Generated by org.testng.reporters.JUnitReportReporter -->
<testsuite skipped="0" hostname="LAPTOP-9VR0TBCF" name="com.SeleniumTest.XeroLogin" tests="4" failures="0" timestamp="27 Sep 2020 19:11:32 GMT" time="42.024" errors="0">
  <testcase name="TC1D" time="6.535" classname="com.SeleniumTest.XeroLogin"/>
  <testcase name="TC1ABC" time="14.716" classname="com.SeleniumTest.XeroLogin"/>
  <testcase name="TC1ABC" time="10.443" classname="com.SeleniumTest.XeroLogin"/>
  <testcase name="TC1ABC" time="10.330" classname="com.SeleniumTest.XeroLogin"/>
</testsuite> <!-- com.SeleniumTest.XeroLogin -->
