<?xml version="1.0" encoding="UTF-8"?>
<!-- Generated by org.testng.reporters.JUnitReportReporter -->
<testsuite skipped="0" hostname="LAPTOP-9VR0TBCF" name="testNG.framework.TestClassUsingListerners" tests="4" failures="0" timestamp="20 Oct 2020 16:04:45 GMT" time="35.561" errors="0">
  <testcase name="TC1D" time="7.912" classname="testNG.framework.TestClassUsingListerners"/>
  <testcase name="TC1ABC" time="12.495" classname="testNG.framework.TestClassUsingListerners"/>
  <testcase name="TC1ABC" time="4.283" classname="testNG.framework.TestClassUsingListerners"/>
  <testcase name="TC1ABC" time="10.871" classname="testNG.framework.TestClassUsingListerners"/>
</testsuite> <!-- testNG.framework.TestClassUsingListerners -->
