<?xml version="1.0" encoding="UTF-8"?>
<!-- Generated by org.testng.reporters.JUnitReportReporter -->
<testsuite skipped="0" hostname="LAPTOP-9VR0TBCF" name="testNG.framework.TestClassUsingListerners" tests="4" failures="0" timestamp="21 Oct 2020 21:20:47 GMT" time="45.264" errors="0">
  <testcase name="TC1D" time="14.718" classname="testNG.framework.TestClassUsingListerners"/>
  <testcase name="TC1ABC" time="18.322" classname="testNG.framework.TestClassUsingListerners"/>
  <testcase name="TC1ABC" time="6.685" classname="testNG.framework.TestClassUsingListerners"/>
  <testcase name="TC1ABC" time="5.539" classname="testNG.framework.TestClassUsingListerners"/>
</testsuite> <!-- testNG.framework.TestClassUsingListerners -->
